{"level":"DEBUG","time":"2024-03-05T13:20:54.005Z","pid":143272,"hostname":"uoh-i","path":["UOH-ARCHIVE","Hierarchy","Pictures","Sorolla photos"],"msg":"populating"}
{"level":"DEBUG","time":"2024-03-05T13:20:54.080Z","pid":143272,"hostname":"uoh-i","path":["UOH-ARCHIVE","Hierarchy","Pictures","Sorolla photos"],"msg":"UOH-ARCHIVE,Hierarchy,Pictures,Sorolla photos is a directory, getting children data"}
{"level":"DEBUG","time":"2024-03-05T13:20:54.080Z","pid":143272,"hostname":"uoh-i","path":["UOH-ARCHIVE","Hierarchy","Pictures","Sorolla photos","2010-11 (Primero)"],"msg":"populating"}
{"level":"DEBUG","time":"2024-03-05T13:20:54.080Z","pid":143272,"hostname":"uoh-i","path":["UOH-ARCHIVE","Hierarchy","Pictures","Sorolla photos","2012-13 (Tercero)"],"msg":"populating"}
{"level":"DEBUG","time":"2024-03-05T13:20:54.080Z","pid":143272,"hostname":"uoh-i","path":["UOH-ARCHIVE","Hierarchy","Pictures","Sorolla photos","2013-14 (Cuarto)"],"msg":"populating"}
{"level":"DEBUG","time":"2024-03-05T13:20:54.080Z","pid":143272,"hostname":"uoh-i","path":["UOH-ARCHIVE","Hierarchy","Pictures","Sorolla photos","2014-15 (Quinto)"],"msg":"populating"}
{"level":"DEBUG","time":"2024-03-05T13:20:54.080Z","pid":143272,"hostname":"uoh-i","path":["UOH-ARCHIVE","Hierarchy","Pictures","Sorolla photos","2015-16 (Sexto)"],"msg":"populating"}
{"level":"DEBUG","time":"2024-03-05T13:20:54.080Z","pid":143272,"hostname":"uoh-i","path":["UOH-ARCHIVE","Hierarchy","Pictures","Sorolla photos","2016-17 (Primero)"],"msg":"populating"}
{"level":"DEBUG","time":"2024-03-05T13:20:54.080Z","pid":143272,"hostname":"uoh-i","path":["UOH-ARCHIVE","Hierarchy","Pictures","Sorolla photos","2017-18 (Segundo)"],"msg":"populating"}
{"level":"DEBUG","time":"2024-03-05T13:20:54.081Z","pid":143272,"hostname":"uoh-i","path":["UOH-ARCHIVE","Hierarchy","Pictures","Sorolla photos","2018-19 (Tercero)"],"msg":"populating"}
{"level":"DEBUG","time":"2024-03-05T13:20:54.081Z","pid":143272,"hostname":"uoh-i","path":["UOH-ARCHIVE","Hierarchy","Pictures","Sorolla photos","2019-20 (Cuarto)"],"msg":"populating"}
{"level":"DEBUG","time":"2024-03-05T13:20:54.081Z","pid":143272,"hostname":"uoh-i","path":["UOH-ARCHIVE","Hierarchy","Pictures","Sorolla photos","2020-22 (BI)"],"msg":"populating"}
{"level":"DEBUG","time":"2024-03-05T13:20:54.115Z","pid":143272,"hostname":"uoh-i","path":["UOH-ARCHIVE","Hierarchy","Pictures","Sorolla photos","2018-19 (Tercero)"],"msg":"UOH-ARCHIVE,Hierarchy,Pictures,Sorolla photos,2018-19 (Tercero) is a directory, getting children data"}
{"level":"DEBUG","time":"2024-03-05T13:20:54.116Z","pid":143272,"hostname":"uoh-i","path":["UOH-ARCHIVE","Hierarchy","Pictures","Sorolla photos","2018-19 (Tercero)"],"msg":"finished getting children data"}
{"level":"DEBUG","time":"2024-03-05T13:20:54.293Z","pid":143272,"hostname":"uoh-i","path":["UOH-ARCHIVE","Hierarchy","Pictures","Sorolla photos","2018-19 (Tercero)"],"msg":"inserted into db, finished populating"}
{"level":"DEBUG","time":"2024-03-05T13:20:57.899Z","pid":143272,"hostname":"uoh-i","path":["UOH-ARCHIVE","Hierarchy","Pictures","Sorolla photos","2014-15 (Quinto)"],"msg":"UOH-ARCHIVE,Hierarchy,Pictures,Sorolla photos,2014-15 (Quinto) is a directory, getting children data"}
{"level":"DEBUG","time":"2024-03-05T13:20:57.964Z","pid":143272,"hostname":"uoh-i","path":["UOH-ARCHIVE","Hierarchy","Pictures","Sorolla photos","2014-15 (Quinto)","Image (4).jpg"],"msg":"populating"}
{"level":"DEBUG","time":"2024-03-05T13:20:57.964Z","pid":143272,"hostname":"uoh-i","path":["UOH-ARCHIVE","Hierarchy","Pictures","Sorolla photos","2014-15 (Quinto)","Image (5).jpg"],"msg":"populating"}
{"level":"DEBUG","time":"2024-03-05T13:20:57.965Z","pid":143272,"hostname":"uoh-i","path":["UOH-ARCHIVE","Hierarchy","Pictures","Sorolla photos","2014-15 (Quinto)","Image (6).jpg"],"msg":"populating"}
{"level":"DEBUG","time":"2024-03-05T13:20:58.228Z","pid":143272,"hostname":"uoh-i","path":["UOH-ARCHIVE","Hierarchy","Pictures","Sorolla photos","2014-15 (Quinto)","Image (5).jpg"],"msg":"finished"}
{"level":"DEBUG","time":"2024-03-05T13:20:58.396Z","pid":143272,"hostname":"uoh-i","path":["UOH-ARCHIVE","Hierarchy","Pictures","Sorolla photos","2014-15 (Quinto)","Image (4).jpg"],"msg":"finished"}
{"level":"DEBUG","time":"2024-03-05T13:20:58.399Z","pid":143272,"hostname":"uoh-i","path":["UOH-ARCHIVE","Hierarchy","Pictures","Sorolla photos","2020-22 (BI)"],"msg":"UOH-ARCHIVE,Hierarchy,Pictures,Sorolla photos,2020-22 (BI) is a directory, getting children data"}
{"level":"DEBUG","time":"2024-03-05T13:20:58.399Z","pid":143272,"hostname":"uoh-i","path":["UOH-ARCHIVE","Hierarchy","Pictures","Sorolla photos","2017-18 (Segundo)"],"msg":"UOH-ARCHIVE,Hierarchy,Pictures,Sorolla photos,2017-18 (Segundo) is a directory, getting children data"}
{"level":"DEBUG","time":"2024-03-05T13:20:58.638Z","pid":143272,"hostname":"uoh-i","path":["UOH-ARCHIVE","Hierarchy","Pictures","Sorolla photos","2014-15 (Quinto)","Image (6).jpg"],"msg":"finished"}
{"level":"DEBUG","time":"2024-03-05T13:20:58.638Z","pid":143272,"hostname":"uoh-i","path":["UOH-ARCHIVE","Hierarchy","Pictures","Sorolla photos","2014-15 (Quinto)"],"msg":"finished getting children data"}
{"level":"DEBUG","time":"2024-03-05T13:20:58.809Z","pid":143272,"hostname":"uoh-i","path":["UOH-ARCHIVE","Hierarchy","Pictures","Sorolla photos","2014-15 (Quinto)"],"msg":"inserted into db, finished populating"}
{"level":"DEBUG","time":"2024-03-05T13:20:58.811Z","pid":143272,"hostname":"uoh-i","path":["UOH-ARCHIVE","Hierarchy","Pictures","Sorolla photos","2020-22 (BI)","Image.jpg"],"msg":"populating"}
{"level":"DEBUG","time":"2024-03-05T13:20:58.813Z","pid":143272,"hostname":"uoh-i","path":["UOH-ARCHIVE","Hierarchy","Pictures","Sorolla photos","2017-18 (Segundo)","Image (2).jpg"],"msg":"populating"}
{"level":"DEBUG","time":"2024-03-05T13:20:58.813Z","pid":143272,"hostname":"uoh-i","path":["UOH-ARCHIVE","Hierarchy","Pictures","Sorolla photos","2017-18 (Segundo)","Image (3).jpg"],"msg":"populating"}
{"level":"DEBUG","time":"2024-03-05T13:20:58.813Z","pid":143272,"hostname":"uoh-i","path":["UOH-ARCHIVE","Hierarchy","Pictures","Sorolla photos","2017-18 (Segundo)","Image.jpg"],"msg":"populating"}
{"level":"DEBUG","time":"2024-03-05T13:20:58.836Z","pid":143272,"hostname":"uoh-i","path":["UOH-ARCHIVE","Hierarchy","Pictures","Sorolla photos","2012-13 (Tercero)"],"msg":"UOH-ARCHIVE,Hierarchy,Pictures,Sorolla photos,2012-13 (Tercero) is a directory, getting children data"}
{"level":"DEBUG","time":"2024-03-05T13:20:58.837Z","pid":143272,"hostname":"uoh-i","path":["UOH-ARCHIVE","Hierarchy","Pictures","Sorolla photos","2015-16 (Sexto)"],"msg":"UOH-ARCHIVE,Hierarchy,Pictures,Sorolla photos,2015-16 (Sexto) is a directory, getting children data"}
{"level":"DEBUG","time":"2024-03-05T13:20:58.837Z","pid":143272,"hostname":"uoh-i","path":["UOH-ARCHIVE","Hierarchy","Pictures","Sorolla photos","2010-11 (Primero)"],"msg":"UOH-ARCHIVE,Hierarchy,Pictures,Sorolla photos,2010-11 (Primero) is a directory, getting children data"}
{"level":"DEBUG","time":"2024-03-05T13:20:58.837Z","pid":143272,"hostname":"uoh-i","path":["UOH-ARCHIVE","Hierarchy","Pictures","Sorolla photos","2016-17 (Primero)"],"msg":"UOH-ARCHIVE,Hierarchy,Pictures,Sorolla photos,2016-17 (Primero) is a directory, getting children data"}
{"level":"DEBUG","time":"2024-03-05T13:20:59.039Z","pid":143272,"hostname":"uoh-i","path":["UOH-ARCHIVE","Hierarchy","Pictures","Sorolla photos","2017-18 (Segundo)","Image (3).jpg"],"msg":"finished"}
{"level":"DEBUG","time":"2024-03-05T13:20:59.211Z","pid":143272,"hostname":"uoh-i","path":["UOH-ARCHIVE","Hierarchy","Pictures","Sorolla photos","2017-18 (Segundo)","Image (2).jpg"],"msg":"finished"}
{"level":"DEBUG","time":"2024-03-05T13:20:59.400Z","pid":143272,"hostname":"uoh-i","path":["UOH-ARCHIVE","Hierarchy","Pictures","Sorolla photos","2020-22 (BI)","Image.jpg"],"msg":"finished"}
{"level":"DEBUG","time":"2024-03-05T13:20:59.401Z","pid":143272,"hostname":"uoh-i","path":["UOH-ARCHIVE","Hierarchy","Pictures","Sorolla photos","2020-22 (BI)"],"msg":"finished getting children data"}
{"level":"DEBUG","time":"2024-03-05T13:20:59.612Z","pid":143272,"hostname":"uoh-i","path":["UOH-ARCHIVE","Hierarchy","Pictures","Sorolla photos","2020-22 (BI)"],"msg":"inserted into db, finished populating"}
{"level":"DEBUG","time":"2024-03-05T13:20:59.612Z","pid":143272,"hostname":"uoh-i","path":["UOH-ARCHIVE","Hierarchy","Pictures","Sorolla photos","2019-20 (Cuarto)"],"msg":"UOH-ARCHIVE,Hierarchy,Pictures,Sorolla photos,2019-20 (Cuarto) is a directory, getting children data"}
{"level":"DEBUG","time":"2024-03-05T13:20:59.613Z","pid":143272,"hostname":"uoh-i","path":["UOH-ARCHIVE","Hierarchy","Pictures","Sorolla photos","2012-13 (Tercero)","Image (7).jpg"],"msg":"populating"}
{"level":"DEBUG","time":"2024-03-05T13:20:59.613Z","pid":143272,"hostname":"uoh-i","path":["UOH-ARCHIVE","Hierarchy","Pictures","Sorolla photos","2012-13 (Tercero)","Image (8).jpg"],"msg":"populating"}
{"level":"DEBUG","time":"2024-03-05T13:20:59.615Z","pid":143272,"hostname":"uoh-i","path":["UOH-ARCHIVE","Hierarchy","Pictures","Sorolla photos","2015-16 (Sexto)","Image (2).jpg"],"msg":"populating"}
{"level":"DEBUG","time":"2024-03-05T13:20:59.615Z","pid":143272,"hostname":"uoh-i","path":["UOH-ARCHIVE","Hierarchy","Pictures","Sorolla photos","2015-16 (Sexto)","Image (3).jpg"],"msg":"populating"}
{"level":"DEBUG","time":"2024-03-05T13:20:59.615Z","pid":143272,"hostname":"uoh-i","path":["UOH-ARCHIVE","Hierarchy","Pictures","Sorolla photos","2015-16 (Sexto)","Image.jpg"],"msg":"populating"}
{"level":"DEBUG","time":"2024-03-05T13:20:59.619Z","pid":143272,"hostname":"uoh-i","path":["UOH-ARCHIVE","Hierarchy","Pictures","Sorolla photos","2010-11 (Primero)","Clase 1ยบ Primaria.jpeg"],"msg":"populating"}
{"level":"DEBUG","time":"2024-03-05T13:20:59.619Z","pid":143272,"hostname":"uoh-i","path":["UOH-ARCHIVE","Hierarchy","Pictures","Sorolla photos","2010-11 (Primero)","Image (4).jpg"],"msg":"populating"}
{"level":"DEBUG","time":"2024-03-05T13:20:59.619Z","pid":143272,"hostname":"uoh-i","path":["UOH-ARCHIVE","Hierarchy","Pictures","Sorolla photos","2010-11 (Primero)","Image (5).jpg"],"msg":"populating"}
{"level":"DEBUG","time":"2024-03-05T13:20:59.619Z","pid":143272,"hostname":"uoh-i","path":["UOH-ARCHIVE","Hierarchy","Pictures","Sorolla photos","2010-11 (Primero)","Image (6).jpg"],"msg":"populating"}
{"level":"DEBUG","time":"2024-03-05T13:20:59.624Z","pid":143272,"hostname":"uoh-i","path":["UOH-ARCHIVE","Hierarchy","Pictures","Sorolla photos","2016-17 (Primero)","Image (2).jpg"],"msg":"populating"}
{"level":"DEBUG","time":"2024-03-05T13:20:59.624Z","pid":143272,"hostname":"uoh-i","path":["UOH-ARCHIVE","Hierarchy","Pictures","Sorolla photos","2016-17 (Primero)","Image (3).jpg"],"msg":"populating"}
{"level":"DEBUG","time":"2024-03-05T13:20:59.624Z","pid":143272,"hostname":"uoh-i","path":["UOH-ARCHIVE","Hierarchy","Pictures","Sorolla photos","2016-17 (Primero)","Image.jpg"],"msg":"populating"}
{"level":"DEBUG","time":"2024-03-05T13:20:59.627Z","pid":143272,"hostname":"uoh-i","path":["UOH-ARCHIVE","Hierarchy","Pictures","Sorolla photos","2019-20 (Cuarto)","Image (7).jpg"],"msg":"populating"}
{"level":"DEBUG","time":"2024-03-05T13:20:59.627Z","pid":143272,"hostname":"uoh-i","path":["UOH-ARCHIVE","Hierarchy","Pictures","Sorolla photos","2019-20 (Cuarto)","Image.jpg"],"msg":"populating"}
{"level":"DEBUG","time":"2024-03-05T13:20:59.806Z","pid":143272,"hostname":"uoh-i","path":["UOH-ARCHIVE","Hierarchy","Pictures","Sorolla photos","2017-18 (Segundo)","Image.jpg"],"msg":"finished"}
{"level":"DEBUG","time":"2024-03-05T13:20:59.806Z","pid":143272,"hostname":"uoh-i","path":["UOH-ARCHIVE","Hierarchy","Pictures","Sorolla photos","2017-18 (Segundo)"],"msg":"finished getting children data"}
{"level":"DEBUG","time":"2024-03-05T13:20:59.973Z","pid":143272,"hostname":"uoh-i","path":["UOH-ARCHIVE","Hierarchy","Pictures","Sorolla photos","2017-18 (Segundo)"],"msg":"inserted into db, finished populating"}
{"level":"DEBUG","time":"2024-03-05T13:20:59.973Z","pid":143272,"hostname":"uoh-i","path":["UOH-ARCHIVE","Hierarchy","Pictures","Sorolla photos","2013-14 (Cuarto)"],"msg":"UOH-ARCHIVE,Hierarchy,Pictures,Sorolla photos,2013-14 (Cuarto) is a directory, getting children data"}
{"level":"DEBUG","time":"2024-03-05T13:20:59.974Z","pid":143272,"hostname":"uoh-i","path":["UOH-ARCHIVE","Hierarchy","Pictures","Sorolla photos","2013-14 (Cuarto)","Image (4).jpg"],"msg":"populating"}
{"level":"DEBUG","time":"2024-03-05T13:20:59.974Z","pid":143272,"hostname":"uoh-i","path":["UOH-ARCHIVE","Hierarchy","Pictures","Sorolla photos","2013-14 (Cuarto)","Image (9).jpg"],"msg":"populating"}
{"level":"DEBUG","time":"2024-03-05T13:21:00.207Z","pid":143272,"hostname":"uoh-i","path":["UOH-ARCHIVE","Hierarchy","Pictures","Sorolla photos","2019-20 (Cuarto)","Image.jpg"],"msg":"finished"}
{"level":"DEBUG","time":"2024-03-05T13:21:00.375Z","pid":143272,"hostname":"uoh-i","path":["UOH-ARCHIVE","Hierarchy","Pictures","Sorolla photos","2019-20 (Cuarto)","Image (7).jpg"],"msg":"finished"}
{"level":"DEBUG","time":"2024-03-05T13:21:00.375Z","pid":143272,"hostname":"uoh-i","path":["UOH-ARCHIVE","Hierarchy","Pictures","Sorolla photos","2019-20 (Cuarto)"],"msg":"finished getting children data"}
{"level":"DEBUG","time":"2024-03-05T13:21:00.598Z","pid":143272,"hostname":"uoh-i","path":["UOH-ARCHIVE","Hierarchy","Pictures","Sorolla photos","2019-20 (Cuarto)"],"msg":"inserted into db, finished populating"}
{"level":"DEBUG","time":"2024-03-05T13:21:00.810Z","pid":143272,"hostname":"uoh-i","path":["UOH-ARCHIVE","Hierarchy","Pictures","Sorolla photos","2016-17 (Primero)","Image.jpg"],"msg":"finished"}
{"level":"DEBUG","time":"2024-03-05T13:21:00.989Z","pid":143272,"hostname":"uoh-i","path":["UOH-ARCHIVE","Hierarchy","Pictures","Sorolla photos","2016-17 (Primero)","Image (3).jpg"],"msg":"finished"}
{"level":"DEBUG","time":"2024-03-05T13:21:01.226Z","pid":143272,"hostname":"uoh-i","path":["UOH-ARCHIVE","Hierarchy","Pictures","Sorolla photos","2016-17 (Primero)","Image (2).jpg"],"msg":"finished"}
{"level":"DEBUG","time":"2024-03-05T13:21:01.226Z","pid":143272,"hostname":"uoh-i","path":["UOH-ARCHIVE","Hierarchy","Pictures","Sorolla photos","2016-17 (Primero)"],"msg":"finished getting children data"}
{"level":"DEBUG","time":"2024-03-05T13:21:01.402Z","pid":143272,"hostname":"uoh-i","path":["UOH-ARCHIVE","Hierarchy","Pictures","Sorolla photos","2016-17 (Primero)"],"msg":"inserted into db, finished populating"}
{"level":"DEBUG","time":"2024-03-05T13:21:01.625Z","pid":143272,"hostname":"uoh-i","path":["UOH-ARCHIVE","Hierarchy","Pictures","Sorolla photos","2010-11 (Primero)","Image (6).jpg"],"msg":"finished"}
{"level":"DEBUG","time":"2024-03-05T13:21:01.826Z","pid":143272,"hostname":"uoh-i","path":["UOH-ARCHIVE","Hierarchy","Pictures","Sorolla photos","2010-11 (Primero)","Image (5).jpg"],"msg":"finished"}
{"level":"DEBUG","time":"2024-03-05T13:21:02.005Z","pid":143272,"hostname":"uoh-i","path":["UOH-ARCHIVE","Hierarchy","Pictures","Sorolla photos","2010-11 (Primero)","Image (4).jpg"],"msg":"finished"}
{"level":"DEBUG","time":"2024-03-05T13:21:02.230Z","pid":143272,"hostname":"uoh-i","path":["UOH-ARCHIVE","Hierarchy","Pictures","Sorolla photos","2010-11 (Primero)","Clase 1ยบ Primaria.jpeg"],"msg":"finished"}
{"level":"DEBUG","time":"2024-03-05T13:21:02.230Z","pid":143272,"hostname":"uoh-i","path":["UOH-ARCHIVE","Hierarchy","Pictures","Sorolla photos","2010-11 (Primero)"],"msg":"finished getting children data"}
{"level":"DEBUG","time":"2024-03-05T13:21:02.397Z","pid":143272,"hostname":"uoh-i","path":["UOH-ARCHIVE","Hierarchy","Pictures","Sorolla photos","2010-11 (Primero)"],"msg":"inserted into db, finished populating"}
{"level":"DEBUG","time":"2024-03-05T13:21:02.576Z","pid":143272,"hostname":"uoh-i","path":["UOH-ARCHIVE","Hierarchy","Pictures","Sorolla photos","2015-16 (Sexto)","Image.jpg"],"msg":"finished"}
{"level":"DEBUG","time":"2024-03-05T13:21:02.766Z","pid":143272,"hostname":"uoh-i","path":["UOH-ARCHIVE","Hierarchy","Pictures","Sorolla photos","2015-16 (Sexto)","Image (3).jpg"],"msg":"finished"}
{"level":"DEBUG","time":"2024-03-05T13:21:02.945Z","pid":143272,"hostname":"uoh-i","path":["UOH-ARCHIVE","Hierarchy","Pictures","Sorolla photos","2015-16 (Sexto)","Image (2).jpg"],"msg":"finished"}
{"level":"DEBUG","time":"2024-03-05T13:21:02.945Z","pid":143272,"hostname":"uoh-i","path":["UOH-ARCHIVE","Hierarchy","Pictures","Sorolla photos","2015-16 (Sexto)"],"msg":"finished getting children data"}
{"level":"DEBUG","time":"2024-03-05T13:21:03.325Z","pid":143272,"hostname":"uoh-i","path":["UOH-ARCHIVE","Hierarchy","Pictures","Sorolla photos","2015-16 (Sexto)"],"msg":"inserted into db, finished populating"}
{"level":"DEBUG","time":"2024-03-05T13:21:03.937Z","pid":143272,"hostname":"uoh-i","path":["UOH-ARCHIVE","Hierarchy","Pictures","Sorolla photos","2012-13 (Tercero)","Image (8).jpg"],"msg":"finished"}
{"level":"DEBUG","time":"2024-03-05T13:21:04.104Z","pid":143272,"hostname":"uoh-i","path":["UOH-ARCHIVE","Hierarchy","Pictures","Sorolla photos","2012-13 (Tercero)","Image (7).jpg"],"msg":"finished"}
{"level":"DEBUG","time":"2024-03-05T13:21:04.104Z","pid":143272,"hostname":"uoh-i","path":["UOH-ARCHIVE","Hierarchy","Pictures","Sorolla photos","2012-13 (Tercero)"],"msg":"finished getting children data"}
{"level":"DEBUG","time":"2024-03-05T13:21:04.327Z","pid":143272,"hostname":"uoh-i","path":["UOH-ARCHIVE","Hierarchy","Pictures","Sorolla photos","2012-13 (Tercero)"],"msg":"inserted into db, finished populating"}
{"level":"DEBUG","time":"2024-03-05T13:21:04.506Z","pid":143272,"hostname":"uoh-i","path":["UOH-ARCHIVE","Hierarchy","Pictures","Sorolla photos","2013-14 (Cuarto)","Image (9).jpg"],"msg":"finished"}
{"level":"DEBUG","time":"2024-03-05T13:21:04.762Z","pid":143272,"hostname":"uoh-i","path":["UOH-ARCHIVE","Hierarchy","Pictures","Sorolla photos","2013-14 (Cuarto)","Image (4).jpg"],"msg":"finished"}
{"level":"DEBUG","time":"2024-03-05T13:21:04.762Z","pid":143272,"hostname":"uoh-i","path":["UOH-ARCHIVE","Hierarchy","Pictures","Sorolla photos","2013-14 (Cuarto)"],"msg":"finished getting children data"}
{"level":"DEBUG","time":"2024-03-05T13:21:04.932Z","pid":143272,"hostname":"uoh-i","path":["UOH-ARCHIVE","Hierarchy","Pictures","Sorolla photos","2013-14 (Cuarto)"],"msg":"inserted into db, finished populating"}
{"level":"DEBUG","time":"2024-03-05T13:21:04.932Z","pid":143272,"hostname":"uoh-i","path":["UOH-ARCHIVE","Hierarchy","Pictures","Sorolla photos"],"msg":"finished getting children data"}
{"level":"DEBUG","time":"2024-03-05T13:21:05.099Z","pid":143272,"hostname":"uoh-i","path":["UOH-ARCHIVE","Hierarchy","Pictures","Sorolla photos"],"msg":"inserted into db, finished populating"}
